Oct 19 00:32 : exception: Failed to open '/home/kanna/.config/mpd/mpdstate': No such file or directory
Oct 19 00:32 : config: option 'quality' on line 29 was not recognized
Oct 19 00:32 : update: added /milet - Ordinary days.flac
Oct 19 00:32 : update: added /14 だから僕は音楽を辞めた.flac
Oct 19 00:32 : update: added /RADWIMPS 05 - ココロノナカ (Complete ver.).mp3
Oct 19 00:32 : update: added /Phantom Joke.flac
Oct 19 00:32 : update: added /03. DROP.flac
Oct 19 00:32 : update: added /フラレガイガール _ さユり full covered by 春茶.mp3
Oct 19 00:32 : update: added /未来へ - Mirai e _ Kiroro（covered by Rina Aoi ).mp3
Oct 19 00:32 : update: added /04. Singing “OURS”.flac
Oct 19 00:32 : update: added /01. Zzz.flac
Oct 19 00:32 : update: added /02. 狂乱 Hey Kids!!.flac
Oct 19 00:32 : update: added /203 Kaine (Salvation).flac
Oct 19 00:32 : update: added /Miracle Milk - Mili 18 - Komm, susser Tod.flac
Oct 19 00:32 : update: added /01 - Mrs. Green Apple - Ao To Natsu.flac
Oct 19 00:32 : ffmpeg/mov,mp4,m4a,3gp,3g2,mj2: stream 0, timescale not set
Oct 19 00:32 : update: added /01 Michi (with yui FLOWER FLOWER).m4a
Oct 19 00:32 : update: added /07 - Cidergirl - Dramatic.flac
Oct 19 00:32 : update: added /[YumeOST]_Kiroro_-_Mirai_e.mp3
Oct 19 00:32 : update: added /01 銀杏boyz - 少年少女.flac
Oct 19 00:32 : update: added /01 - One Last Kiss.flac
Oct 19 00:32 : update: added /For All CD 1 TRACK 1 (FLAC).flac
Oct 19 00:32 : update: added /11. Till the End.flac
Oct 19 00:32 : update: added /16 Weight of the World／the End of YoRHa.flac
Oct 19 00:32 : update: added /04. ふゆびより [instrumental].flac
Oct 19 00:32 : update: added /BURNOUT SYNDROMES - hikariare.flac
Oct 19 00:32 : update: added /MY FIRST STORY - 1,000,000 TIMES feat. chelly (EGOIST).flac
Oct 19 00:32 : update: added /majiko - Irony.flac
Oct 19 00:32 : update: added /Hag - Sakura Shooting Star.flac
Oct 19 00:32 : update: added /03 ライラック.flac
Oct 19 00:32 : update: added /01. Haru wa Yuku.flac
Oct 19 00:32 : update: added /09 エミール／絶望 - Emil - Despair.flac
Oct 19 00:32 : update: added /09 - ASCA - Inochinikirawareteiru.flac
Oct 19 00:32 : update: added /ZUTOMAYO - Byoushinwo Kamu.flac
Oct 19 00:32 : update: added /Hag - Diary of Stars.flac
Oct 19 00:32 : update: added /01. unknown.flac
Oct 19 00:32 : update: added /01 Alone.flac
Oct 19 00:32 : update: added /Stand Alone.mp3
Oct 19 00:32 : ffmpeg/mov,mp4,m4a,3gp,3g2,mj2: stream 0, timescale not set
Oct 19 00:32 : update: added /01 キセキ~未来へ~.m4a
Oct 19 00:32 : update: added /01.Trapped in the Past.flac
Oct 19 00:32 : update: added /01 - MAN WITH A MISSION - Dead End in Tokyo.flac
Oct 19 00:32 : update: added /13 双極ノ悪夢 - Bipolar Nightmare.flac
Oct 19 00:32 : update: added /1-0008002751.flac
Oct 19 00:32 : update: added /Hag - Natsu No Arika.flac
Oct 19 00:32 : update: added /13 Final Song.flac
Oct 19 00:32 : ffmpeg/mov,mp4,m4a,3gp,3g2,mj2: stream 0, timescale not set
Oct 19 00:32 : update: added /01 Sayonara, Say Goodbye (with yui_).m4a
Oct 19 00:32 : update: added /01. ゆるキャン△ SEASON２のテーマ.flac
Oct 19 00:32 : update: added /01 Sunny Road.flac
Oct 19 00:32 : update: added /Aqua Timez - Alones (Album Version).flac
Oct 19 00:32 : update: added /01 - Niwaka Ame ni Mo Makezu.flac
Oct 19 00:32 : update: added /02 Daydreaming (Violin Ver.).flac
Oct 19 00:32 : update: added /27 Countryside Mountain.flac
Oct 19 00:32 : update: added /03 - Motohiro Hata - Uroko.flac
Oct 19 00:32 : update: added /majiko - Kokoronashi.flac
Oct 19 00:32 : update: added /12 Frog Boat.flac
Oct 19 00:32 : update: added /01. Grey.flac
Oct 19 00:32 : update: added /12. SWEET HURT -plus unknown-.flac
Oct 19 00:32 : update: added /04 Mimpi Yang Hina - Gesu Na Yume.flac
Oct 19 00:32 : update: added /アメヲマツ、.flac
Oct 19 00:32 : update: added /15. FOREVER LOST.flac
Oct 19 00:32 : update: added /03. Sing Alive.flac
Oct 19 00:32 : update: added /01 - Okaeri.flac
Oct 19 00:32 : update: added /03. Zzz (Acapplla Version).flac
Oct 19 00:32 : update: added /Hag - Aoi Harukaze.flac
Oct 19 00:32 : update: added /_.hd.mp3
Oct 19 00:32 : update: added /01 Tsukiakari no Michishirube.flac
Oct 19 00:32 : update: added /07. サヨナキドリ.flac
Oct 19 00:32 : update: added /01 Hana ni Bourei.flac
Oct 19 00:32 : update: added /08. Shin'on.flac
Oct 19 00:32 : update: added /01. ゆるキャン△のテーマ.flac
Oct 19 00:32 : update: added /01 - the peggies - Ashiato -Footprints-.flac
Oct 19 00:32 : update: added /02. forget-me-not -unknown mix-.flac
Oct 19 00:32 : update: added /08 A Beautiful Song 美シキ歌.flac
Oct 19 00:32 : update: added /YOASOBI - ハルカ.flac
Oct 19 00:32 : update: added /01 Re- I Am.flac
Oct 19 00:32 : update: added /04 The Beginning.flac
Oct 19 00:32 : update: added /01. 夢灯籠.flac
Oct 19 00:32 : update: added /27. なんでもないや (Movie Ver.).mp3
Oct 19 00:32 : update: added /18 Carefree Sound of the Waves.flac
Oct 19 00:32 : update: added /ゆるキャン.mp3
Oct 19 00:32 : update: added /05. 雨上がりの夢.flac
Oct 19 00:32 : update: added /MAN WITH A MISSION - Winding Road.flac
Oct 19 00:32 : update: added /20 Daydreaming (Recorder Ver.).flac
Oct 19 00:32 : update: added /Aoi Shiori.flac
Oct 19 00:32 : update: added /Roselia - FIRE BIRD.flac
Oct 19 00:32 : update: added /01 カワキヲアメク.flac
Oct 19 00:32 : update: added /01 打上花火.flac
Oct 19 00:32 : mpg123: mpg123_getformat() failed: Message: I am done with this track.
Oct 19 00:32 : ffmpeg/mp3: Format mp3 detected only with low score of 1, misdetection possible!
Oct 19 00:32 : ffmpeg/mp3: Failed to read frame size: Could not seek to 1026.
Oct 19 00:32 : update: added /06 - Supercell - Kimino Shiranai Monogatari.flac
Oct 19 00:32 : update: added /01. Seize The Day.flac
Oct 19 00:32 : ffmpeg/mov,mp4,m4a,3gp,3g2,mj2: stream 0, timescale not set
Oct 19 00:32 : update: added /01 Sekaikara Otoga Kietahi (with Daz.m4a
Oct 19 00:32 : update: added /05 - Sign.flac
Oct 19 00:32 : update: added /01. Proud of oneself.flac
Oct 19 00:32 : ffmpeg/mov,mp4,m4a,3gp,3g2,mj2: stream 0, timescale not set
Oct 19 00:32 : update: added /07 Everlasting Summer (feat. Hikaru.m4a
Oct 19 00:32 : update: added /01 - Zankoku na Tenshi no These [Director's Edit ].flac
Oct 19 00:32 : update: added /214 Emil (Sacrifice).flac
Oct 19 00:32 : update: added /Sayuri - Furaregaigirl.flac
Oct 19 00:32 : update: added /01. はるのとなり.flac
Oct 19 00:32 : update: added /01. つぎはぎもよう.flac
Oct 19 00:32 : update: added /02 - Tsuki no Ookisa.flac
Oct 19 00:32 : update: added /01 - Burnout Syndromes - Phoenix.flac
Oct 19 00:32 : update: added /01 Love Supreme!.flac
Oct 19 00:32 : update: added /01. Hyadain no Kakakata☆Kataomoi-C.flac
Oct 19 00:32 : update: added /Casey Edwards, Victor Borba - Bury the Light.flac
Oct 19 00:32 : update: added /Roselia - Our Path.flac
Oct 19 00:32 : update: added /03 - Burnout Syndromes - FLY HIGH!!.flac
Oct 19 00:32 : update: added /04. Hana no Uta end of spring ver..flac
Oct 19 00:32 : update: added /02. overtuRe.flac
Oct 19 00:32 : config: option 'quality' on line 29 was not recognized
Oct 19 00:33 : config: option 'quality' on line 29 was not recognized
Oct 19 00:34 : config: option 'quality' on line 29 was not recognized
Oct 19 00:36 : config: option 'quality' on line 29 was not recognized
Oct 19 00:38 : config: option 'quality' on line 29 was not recognized
Oct 19 00:40 : config: option 'quality' on line 29 was not recognized
Oct 19 00:41 : config: option 'quality' on line 29 was not recognized
Oct 19 00:43 : config: option 'quality' on line 29 was not recognized
Oct 19 00:45 : config: option 'quality' on line 29 was not recognized
Oct 19 00:46 : config: option 'quality' on line 29 was not recognized
Oct 19 00:47 : config: option 'quality' on line 29 was not recognized
Oct 19 00:50 : config: option 'quality' on line 29 was not recognized
Oct 19 00:53 : player: played "03 - Motohiro Hata - Uroko.flac"
Oct 19 00:54 : player: played "Roselia - Our Path.flac"
Oct 19 01:00 : player: played "03 - Motohiro Hata - Uroko.flac"
Oct 19 01:05 : player: played "フラレガイガール _ さユり full covered by 春茶.mp3"
Oct 19 01:08 : player: played "BURNOUT SYNDROMES - hikariare.flac"
Oct 19 01:12 : player: played "BURNOUT SYNDROMES - hikariare.flac"
Oct 19 11:41 : config: option 'quality' on line 29 was not recognized
Oct 19 11:42 : player: played "フラレガイガール _ さユり full covered by 春茶.mp3"
Oct 19 11:44 : player: played "01 - MAN WITH A MISSION - Dead End in Tokyo.flac"
Oct 19 11:45 : player: played "01 - MAN WITH A MISSION - Dead End in Tokyo.flac"
Oct 19 11:46 : player: played "01 - MAN WITH A MISSION - Dead End in Tokyo.flac"
Oct 19 11:46 : player: played "未来へ - Mirai e _ Kiroro（covered by Rina Aoi ).mp3"
Oct 19 11:54 : player: played "01 - Burnout Syndromes - Phoenix.flac"
